[ 2017-06-29T08:44:36+08:00 ] ::1 /boke/index.php/Home/Login123/login123.html
ERR: Think\Controller:Name_login方法不存在！

[ 2017-06-29T10:45:07+08:00 ] ::1 /boke/index.php/Home/Login123/login123.html
ERR: 无法加载控制器:Login123

[ 2017-06-29T10:45:39+08:00 ] ::1 /boke/index.php/Home/Login/login.html
ERR: 非法操作:home

[ 2017-06-29T10:47:19+08:00 ] ::1 /boke/index.php/Home/Login/login.html
ERR: 非法操作:home

[ 2017-06-29T10:47:36+08:00 ] ::1 /boke/index.php/Home/Login/login
ERR: 非法操作:home

[ 2017-06-29T10:48:43+08:00 ] ::1 /boke/index.php/Home/Login/login
ERR: 非法操作:home

[ 2017-06-29T10:48:44+08:00 ] ::1 /boke/index.php/Home/Login/login
ERR: 非法操作:home

[ 2017-06-29T10:48:45+08:00 ] ::1 /boke/index.php/Home/Login/login
ERR: 非法操作:home

[ 2017-06-29T10:48:46+08:00 ] ::1 /boke/index.php/Home/Login/login
ERR: 非法操作:home

[ 2017-06-29T10:49:07+08:00 ] ::1 /boke/index.php/Home/Login/login1
ERR: 非法操作:home

[ 2017-06-29T10:50:14+08:00 ] ::1 /boke/index.php/Home/Login/login1
ERR: 非法操作:home

[ 2017-06-29T10:50:17+08:00 ] ::1 /boke/index.php/Home/Login/login
ERR: 非法操作:home

[ 2017-06-29T10:50:40+08:00 ] ::1 /boke/index.php/Home/Login/login
ERR: 非法操作:home

[ 2017-06-29T10:50:40+08:00 ] ::1 /boke/index.php/Home/Login/login
ERR: 非法操作:home

[ 2017-06-29T10:50:40+08:00 ] ::1 /boke/index.php/Home/Login/login
ERR: 非法操作:home

[ 2017-06-29T10:50:40+08:00 ] ::1 /boke/index.php/Home/Login/login
ERR: 非法操作:home

[ 2017-06-29T10:50:41+08:00 ] ::1 /boke/index.php/Home/Login/login
ERR: 非法操作:home

[ 2017-06-29T10:50:41+08:00 ] ::1 /boke/index.php/Home/Login/login
ERR: 非法操作:home

[ 2017-06-29T10:52:26+08:00 ] ::1 /boke/index.php/Home/Login/login
ERR: 非法操作:home

[ 2017-06-29T10:58:33+08:00 ] ::1 /boke/index.php/Home/Index/yzm.html?t=0.6882984985409477
ERR: 非法操作:yzm

[ 2017-06-29T10:58:34+08:00 ] ::1 /boke/index.php/Home/Index/yzm.html?t=0.6706050361880027
ERR: 非法操作:yzm

[ 2017-06-29T11:32:28+08:00 ] ::1 /boke/index.php/Home/Event/%7B:U(index/index)%7D
ERR: 非法操作:{:U(index

[ 2017-06-29T11:32:56+08:00 ] ::1 /boke/index.php/Home/Event/%7B:U(index/index)%7D
ERR: 非法操作:{:U(index

[ 2017-06-29T11:32:59+08:00 ] ::1 /boke/index.php/Home/Event/%7B:U(index/index)%7D
ERR: 非法操作:{:U(index

[ 2017-06-29T11:33:02+08:00 ] ::1 /boke/index.php/Home/Event/%7B:U(index/index)%7D
ERR: 非法操作:{:U(index

[ 2017-06-29T11:33:16+08:00 ] ::1 /boke/index.php/Home/Event/index/index
ERR: 非法操作:index

[ 2017-06-29T11:34:10+08:00 ] ::1 /boke/index.php/Home/Event/index/index
ERR: 非法操作:index

[ 2017-06-29T11:34:22+08:00 ] ::1 /boke/index.php/Home/Event/%7B:U(Index/index)%7D
ERR: 非法操作:{:U(Index

[ 2017-06-29T11:34:45+08:00 ] ::1 /boke/index.php/Home/Event/%7B:U(Index/index)%7D
ERR: 非法操作:{:U(Index

[ 2017-06-29T11:57:45+08:00 ] ::1 /boke/index.php/Home/Event/1
ERR: 非法操作:1

